<?xml version="1.0" encoding="UTF-8"?>
<!-- Generated by org.testng.reporters.JUnitReportReporter -->
<testsuite skipped="0" hostname="FCPC" name="testcases.test_cases_run" tests="5" failures="0" timestamp="2020-03-17T18:50:08 CET" time="0.240" errors="0">
  <testcase name="test_address_complicated_cases" time="0.044" classname="testcases.test_cases_run"/>
  <system-out/>
  <testcase name="test_address_simple_cases" time="0.020" classname="testcases.test_cases_run"/>
  <system-out/>
  <testcase name="test_address_extra_cases" time="0.084" classname="testcases.test_cases_run"/>
  <system-out/>
  <testcase name="test_address_complex_cases" time="0.020" classname="testcases.test_cases_run"/>
  <system-out/>
  <testcase name="test_address_all_cases" time="0.072" classname="testcases.test_cases_run"/>
  <system-out/>
</testsuite> <!-- testcases.test_cases_run -->
