<?xml version="1.0" encoding="UTF-8"?>
<!-- Generated by org.testng.reporters.JUnitReportReporter -->
<testsuite skipped="0" hostname="FCPC" name="testcases.test_cases_run" tests="4" failures="0" timestamp="2020-03-17T18:22:25 CET" time="0.148" errors="0">
  <testcase name="test_address_extra_cases" time="0.085" classname="testcases.test_cases_run"/>
  <system-out/>
  <testcase name="test_address_complex_cases" time="0.000" classname="testcases.test_cases_run"/>
  <system-out/>
  <testcase name="test_address_complicated_cases" time="0.016" classname="testcases.test_cases_run"/>
  <system-out/>
  <testcase name="test_address_simple_cases" time="0.047" classname="testcases.test_cases_run"/>
  <system-out/>
</testsuite> <!-- testcases.test_cases_run -->
